<?xml version="1.0" encoding="UTF-8"?>
<!-- Generated by org.testng.reporters.JUnitReportReporter -->
<testsuite hostname="DESKTOP-QI6H2EA" failures="0" tests="2" name="com.mvn.LoginPage" time="8.649" errors="0" timestamp="2022-12-20T12:26:43 IST" skipped="0">
  <testcase classname="com.mvn.LoginPage" name="loginDetails" time="6.553"/>
  <system-out/>
  <testcase classname="com.mvn.LoginPage" name="addToCartDetails" time="2.096"/>
  <system-out/>
</testsuite> <!-- com.mvn.LoginPage -->
