<?xml version="1.0" encoding="UTF-8"?>
<!-- Generated by org.testng.reporters.JUnitReportReporter -->
<testsuite hostname="DESKTOP-QI6H2EA" failures="0" tests="1" name="com.mvn.FirstNGDemo" time="0.027" errors="0" timestamp="2022-12-02T12:21:15 IST" skipped="0">
  <testcase classname="com.mvn.FirstNGDemo" name="test" time="0.027"/>
  <system-out/>
</testsuite> <!-- com.mvn.FirstNGDemo -->
