<?xml version="1.0" encoding="UTF-8"?>
<!-- Generated by org.testng.reporters.JUnitReportReporter -->
<testsuite hostname="payal" failures="0" tests="1" name="com.mobileapp.FirstDemo" time="27.854" errors="0" timestamp="2023-02-22T19:57:07 NZDT" skipped="0">
  <testcase classname="com.mobileapp.FirstDemo" name="test" time="27.854"/>
  <system-out/>
</testsuite> <!-- com.mobileapp.FirstDemo -->
