<?xml version="1.0" encoding="UTF-8"?>
<!-- Generated by org.testng.reporters.JUnitReportReporter -->
<testsuite hostname="payal" failures="0" tests="1" name="com.mobileapp.DragandDropDemo" time="11.171" errors="0" timestamp="2023-03-17T19:43:07 NZDT" skipped="0">
  <testcase classname="com.mobileapp.DragandDropDemo" name="test" time="11.171"/>
  <system-out/>
</testsuite> <!-- com.mobileapp.DragandDropDemo -->
