<?xml version="1.0" encoding="UTF-8"?>
<!-- Generated by org.testng.reporters.JUnitReportReporter -->
<testsuite hostname="payal" failures="0" tests="1" name="com.mobileapp.Ecommerce_TestCase1" time="55.738" errors="0" timestamp="2023-03-13T19:19:59 NZDT" skipped="0">
  <testcase classname="com.mobileapp.Ecommerce_TestCase1" name="formfillup" time="55.738"/>
  <system-out/>
</testsuite> <!-- com.mobileapp.Ecommerce_TestCase1 -->
