<?xml version="1.0" encoding="UTF-8"?>
<!-- Generated by org.testng.reporters.JUnitReportReporter -->
<testsuite hostname="DESKTOP-QI6H2EA" failures="0" tests="1" name="com.fw.DataDrivenFW" time="59.233" errors="0" timestamp="2022-11-28T12:27:48 IST" skipped="0">
  <testcase classname="com.fw.DataDrivenFW" name="test" time="59.233"/>
  <system-out/>
</testsuite> <!-- com.fw.DataDrivenFW -->
