<?xml version="1.0" encoding="UTF-8"?>
<!-- Generated by org.testng.reporters.JUnitReportReporter -->
<testsuite hostname="DESKTOP-QI6H2EA" failures="0" tests="1" name="com.extra.RobotDemo" time="14.367" errors="0" timestamp="2022-12-12T13:33:40 IST" skipped="0">
  <testcase classname="com.extra.RobotDemo" name="test" time="14.367"/>
  <system-out/>
</testsuite> <!-- com.extra.RobotDemo -->
