<?xml version="1.0" encoding="UTF-8"?>
<!-- Generated by org.testng.reporters.JUnitReportReporter -->
<testsuite hostname="DESKTOP-QI6H2EA" failures="0" tests="6" name="com.fw.HybridDrivenFW" time="31.661" errors="0" timestamp="2022-11-28T13:23:37 IST" skipped="0">
  <testcase classname="com.fw.HybridDrivenFW" name="test" time="2.133"/>
  <system-out/>
  <testcase classname="com.fw.HybridDrivenFW" name="test" time="3.857"/>
  <system-out/>
  <testcase classname="com.fw.HybridDrivenFW" name="test" time="2.154"/>
  <system-out/>
  <testcase classname="com.fw.HybridDrivenFW" name="test" time="18.193"/>
  <system-out/>
  <testcase classname="com.fw.HybridDrivenFW" name="test" time="2.185"/>
  <system-out/>
  <testcase classname="com.fw.HybridDrivenFW" name="test" time="3.139"/>
  <system-out/>
</testsuite> <!-- com.fw.HybridDrivenFW -->
