<?xml version="1.0" encoding="UTF-8"?>
<!-- Generated by org.testng.reporters.JUnitReportReporter -->
<testsuite hostname="DESKTOP-QI6H2EA" failures="0" tests="1" name="com.extra.ImplicitDemo" time="9.772" errors="0" timestamp="2022-12-12T12:24:55 IST" skipped="0">
  <testcase classname="com.extra.ImplicitDemo" name="test" time="9.772"/>
  <system-out/>
</testsuite> <!-- com.extra.ImplicitDemo -->
