<?xml version="1.0" encoding="UTF-8"?>
<!-- Generated by org.testng.reporters.JUnitReportReporter -->
<testsuite hostname="DESKTOP-QI6H2EA" failures="0" tests="6" name="com.fw.KeywordDrivenFW" time="31.346" errors="0" timestamp="2022-11-28T13:14:56 IST" skipped="0">
  <testcase classname="com.fw.KeywordDrivenFW" name="test" time="2.199"/>
  <system-out/>
  <testcase classname="com.fw.KeywordDrivenFW" name="test" time="2.136"/>
  <system-out/>
  <testcase classname="com.fw.KeywordDrivenFW" name="test" time="3.853"/>
  <system-out/>
  <testcase classname="com.fw.KeywordDrivenFW" name="test" time="2.754"/>
  <system-out/>
  <testcase classname="com.fw.KeywordDrivenFW" name="test" time="2.158"/>
  <system-out/>
  <testcase classname="com.fw.KeywordDrivenFW" name="test" time="18.246"/>
  <system-out/>
</testsuite> <!-- com.fw.KeywordDrivenFW -->
