<?xml version="1.0" encoding="UTF-8"?>
<!-- Generated by org.testng.reporters.JUnitReportReporter -->
<testsuite hostname="DESKTOP-QI6H2EA" failures="0" tests="1" name="com.extra.ScreenshotDemo" time="17.241" errors="0" timestamp="2022-12-12T13:06:55 IST" skipped="0">
  <testcase classname="com.extra.ScreenshotDemo" name="test" time="17.241"/>
  <system-out/>
</testsuite> <!-- com.extra.ScreenshotDemo -->
