<?xml version="1.0" encoding="UTF-8"?>
<!-- Generated by org.testng.reporters.JUnitReportReporter -->
<testsuite hostname="DESKTOP-QI6H2EA" failures="0" tests="5" name="com.ng1.TestNG_WebDriver" time="10.820" errors="0" timestamp="2022-11-25T12:34:51 IST" skipped="0">
  <testcase classname="com.ng1.TestNG_WebDriver" name="enterUsername" time="2.311"/>
  <system-out/>
  <testcase classname="com.ng1.TestNG_WebDriver" name="enterPassword" time="2.128"/>
  <system-out/>
  <testcase classname="com.ng1.TestNG_WebDriver" name="clickLogin" time="2.223"/>
  <system-out/>
  <testcase classname="com.ng1.TestNG_WebDriver" name="sidemenu" time="2.082"/>
  <system-out/>
  <testcase classname="com.ng1.TestNG_WebDriver" name="logout" time="2.076"/>
  <system-out/>
</testsuite> <!-- com.ng1.TestNG_WebDriver -->
