<?xml version="1.0" encoding="UTF-8"?>
<!-- Generated by org.testng.reporters.JUnitReportReporter -->
<testsuite hostname="DESKTOP-QI6H2EA" failures="0" tests="1" name="com.ng1.Test1" time="0.022" errors="0" timestamp="2022-11-25T12:13:27 IST" skipped="0">
  <testcase classname="com.ng1.Test1" name="test1" time="0.022"/>
  <system-out/>
</testsuite> <!-- com.ng1.Test1 -->
