<?xml version="1.0" encoding="UTF-8"?>
<!-- Generated by org.testng.reporters.JUnitReportReporter -->
<testsuite hostname="DESKTOP-QI6H2EA" failures="0" tests="2" name="com.ng2.DataProviderDemo" time="33.148" errors="0" timestamp="2022-11-25T13:29:46 IST" skipped="0">
  <testcase classname="com.ng2.DataProviderDemo" name="test" time="15.945"/>
  <system-out/>
  <testcase classname="com.ng2.DataProviderDemo" name="test" time="17.203"/>
  <system-out/>
</testsuite> <!-- com.ng2.DataProviderDemo -->
