<?xml version="1.0" encoding="UTF-8"?>
<!-- Generated by org.testng.reporters.JUnitReportReporter -->
<testsuite hostname="DESKTOP-QI6H2EA" failures="0" tests="1" name="com.ng1.AllAnnotations" time="0.004" errors="0" timestamp="2022-11-23T13:14:17 IST" skipped="0">
  <testcase classname="com.ng1.AllAnnotations" name="test" time="0.004"/>
  <system-out/>
</testsuite> <!-- com.ng1.AllAnnotations -->
