<?xml version="1.0" encoding="UTF-8"?>
<!-- Generated by org.testng.reporters.JUnitReportReporter -->
<testsuite hostname="DESKTOP-QI6H2EA" failures="0" tests="4" name="com.ng1.SecondDemo" time="0.036" errors="0" timestamp="2022-11-25T11:53:39 IST" skipped="0">
  <testcase classname="com.ng1.SecondDemo" name="test" time="0.028"/>
  <system-out/>
  <testcase classname="com.ng1.SecondDemo" name="Zest" time="0.003"/>
  <system-out/>
  <testcase classname="com.ng1.SecondDemo" name="Rest" time="0.002"/>
  <system-out/>
  <testcase classname="com.ng1.SecondDemo" name="Aest" time="0.003"/>
  <system-out/>
</testsuite> <!-- com.ng1.SecondDemo -->
