<?xml version="1.0" encoding="UTF-8"?>
<!-- Generated by org.testng.reporters.JUnitReportReporter -->
<testsuite hostname="DESKTOP-QI6H2EA" failures="0" tests="4" name="com.ng1.TestNG_Group" time="0.029" errors="0" timestamp="2022-11-25T12:13:13 IST" skipped="0">
  <testcase classname="com.ng1.TestNG_Group" name="green3" time="0.002"/>
  <system-out/>
  <testcase classname="com.ng1.TestNG_Group" name="green2" time="0.002"/>
  <system-out/>
  <testcase classname="com.ng1.TestNG_Group" name="red_green" time="0.003"/>
  <system-out/>
  <testcase classname="com.ng1.TestNG_Group" name="green1" time="0.022"/>
  <system-out/>
</testsuite> <!-- com.ng1.TestNG_Group -->
